<?xml version="1.0" encoding="UTF-8"?>
<!-- Generated by org.testng.reporters.JUnitReportReporter -->
<testsuite hostname="KudzeDev" failures="0" tests="1" name="BuilderDesign" time="0.003" errors="0" timestamp="2020-10-30T21:18:38 EDT" skipped="0">
  <testcase classname="BuilderDesign" name="f" time="0.003"/>
  <system-out/>
</testsuite> <!-- BuilderDesign -->
